<?xml version="1.0" encoding="UTF-8"?>
<!-- Generated by org.testng.reporters.JUnitReportReporter -->
<testsuite hostname="Allans-MacBook-Pro.local" failures="0" tests="2" name="com.inetbanking.testCases.TC_LoginTest_001" time="5.937" errors="0" timestamp="07 Jul. 2020 01:41:33 GMT" skipped="0">
  <testcase classname="com.inetbanking.testCases.TC_LoginTest_001" name="loginTest" time="3.254"/>
  <testcase classname="com.inetbanking.testCases.TC_LoginTest_001" name="loginTest" time="2.683"/>
</testsuite> <!-- com.inetbanking.testCases.TC_LoginTest_001 -->
