<?xml version="1.0" encoding="UTF-8"?>
<!-- Generated by org.testng.reporters.JUnitReportReporter -->
<testsuite hostname="Allans-MacBook-Pro.local" failures="0" tests="1" name="com.inetbanking.testCases.TC_LoginTest_001" time="6.520" errors="0" timestamp="06 Jul. 2020 02:13:44 GMT" skipped="0">
  <testcase classname="com.inetbanking.testCases.TC_LoginTest_001" name="loginTest" time="6.520"/>
</testsuite> <!-- com.inetbanking.testCases.TC_LoginTest_001 -->
