<?xml version="1.0" encoding="UTF-8"?>
<!-- Generated by org.testng.reporters.JUnitReportReporter -->
<testsuite hostname="Allans-MacBook-Pro.local" failures="0" tests="2" name="com.inetbanking.testCases.TC_LoginTest_001" time="6.130" errors="0" timestamp="07 Jul 2020 05:08:53 GMT" skipped="0">
  <testcase classname="com.inetbanking.testCases.TC_LoginTest_001" name="loginTest" time="3.603"/>
  <testcase classname="com.inetbanking.testCases.TC_LoginTest_001" name="loginTest" time="2.527"/>
</testsuite> <!-- com.inetbanking.testCases.TC_LoginTest_001 -->
